Determining if the pthread_create exist failed with the following output:
Change Dir: /home/ayushgarg/catkin_ws/build_isolated/blink_led/CMakeFiles/CMakeTmp

Run Build Command:"/usr/bin/make" "cmTC_1eafc/fast"
/usr/bin/make -f CMakeFiles/cmTC_1eafc.dir/build.make CMakeFiles/cmTC_1eafc.dir/build
make[1]: Entering directory '/home/ayushgarg/catkin_ws/build_isolated/blink_led/CMakeFiles/CMakeTmp'
Building C object CMakeFiles/cmTC_1eafc.dir/CheckSymbolExists.c.o
/usr/bin/cc     -o CMakeFiles/cmTC_1eafc.dir/CheckSymbolExists.c.o   -c /home/ayushgarg/catkin_ws/build_isolated/blink_led/CMakeFiles/CMakeTmp/CheckSymbolExists.c
Linking C executable cmTC_1eafc
/usr/bin/cmake -E cmake_link_script CMakeFiles/cmTC_1eafc.dir/link.txt --verbose=1
/usr/bin/cc       CMakeFiles/cmTC_1eafc.dir/CheckSymbolExists.c.o  -o cmTC_1eafc -rdynamic 
CMakeFiles/cmTC_1eafc.dir/CheckSymbolExists.c.o: In function `main':
CheckSymbolExists.c:(.text+0x16): undefined reference to `pthread_create'
collect2: error: ld returned 1 exit status
CMakeFiles/cmTC_1eafc.dir/build.make:97: recipe for target 'cmTC_1eafc' failed
make[1]: *** [cmTC_1eafc] Error 1
make[1]: Leaving directory '/home/ayushgarg/catkin_ws/build_isolated/blink_led/CMakeFiles/CMakeTmp'
Makefile:126: recipe for target 'cmTC_1eafc/fast' failed
make: *** [cmTC_1eafc/fast] Error 2

File /home/ayushgarg/catkin_ws/build_isolated/blink_led/CMakeFiles/CMakeTmp/CheckSymbolExists.c:
/* */
#include <pthread.h>

int main(int argc, char** argv)
{
  (void)argv;
#ifndef pthread_create
  return ((int*)(&pthread_create))[argc];
#else
  (void)argc;
  return 0;
#endif
}

Determining if the function pthread_create exists in the pthreads failed with the following output:
Change Dir: /home/ayushgarg/catkin_ws/build_isolated/blink_led/CMakeFiles/CMakeTmp

Run Build Command:"/usr/bin/make" "cmTC_24263/fast"
/usr/bin/make -f CMakeFiles/cmTC_24263.dir/build.make CMakeFiles/cmTC_24263.dir/build
make[1]: Entering directory '/home/ayushgarg/catkin_ws/build_isolated/blink_led/CMakeFiles/CMakeTmp'
Building C object CMakeFiles/cmTC_24263.dir/CheckFunctionExists.c.o
/usr/bin/cc    -DCHECK_FUNCTION_EXISTS=pthread_create   -o CMakeFiles/cmTC_24263.dir/CheckFunctionExists.c.o   -c /usr/share/cmake-3.5/Modules/CheckFunctionExists.c
Linking C executable cmTC_24263
/usr/bin/cmake -E cmake_link_script CMakeFiles/cmTC_24263.dir/link.txt --verbose=1
/usr/bin/cc   -DCHECK_FUNCTION_EXISTS=pthread_create    CMakeFiles/cmTC_24263.dir/CheckFunctionExists.c.o  -o cmTC_24263 -rdynamic -lpthreads 
/usr/bin/ld: cannot find -lpthreads
collect2: error: ld returned 1 exit status
CMakeFiles/cmTC_24263.dir/build.make:97: recipe for target 'cmTC_24263' failed
make[1]: *** [cmTC_24263] Error 1
make[1]: Leaving directory '/home/ayushgarg/catkin_ws/build_isolated/blink_led/CMakeFiles/CMakeTmp'
Makefile:126: recipe for target 'cmTC_24263/fast' failed
make: *** [cmTC_24263/fast] Error 2


