Determining if the pthread_create exist failed with the following output:
Change Dir: /home/ayushgarg/catkin_ws/build_isolated/learning_tf2/CMakeFiles/CMakeTmp

Run Build Command:"/usr/bin/make" "cmTC_5d68f/fast"
/usr/bin/make -f CMakeFiles/cmTC_5d68f.dir/build.make CMakeFiles/cmTC_5d68f.dir/build
make[1]: Entering directory '/home/ayushgarg/catkin_ws/build_isolated/learning_tf2/CMakeFiles/CMakeTmp'
Building C object CMakeFiles/cmTC_5d68f.dir/CheckSymbolExists.c.o
/usr/bin/cc     -o CMakeFiles/cmTC_5d68f.dir/CheckSymbolExists.c.o   -c /home/ayushgarg/catkin_ws/build_isolated/learning_tf2/CMakeFiles/CMakeTmp/CheckSymbolExists.c
Linking C executable cmTC_5d68f
/usr/bin/cmake -E cmake_link_script CMakeFiles/cmTC_5d68f.dir/link.txt --verbose=1
/usr/bin/cc       CMakeFiles/cmTC_5d68f.dir/CheckSymbolExists.c.o  -o cmTC_5d68f -rdynamic 
CMakeFiles/cmTC_5d68f.dir/CheckSymbolExists.c.o: In function `main':
CheckSymbolExists.c:(.text+0x16): undefined reference to `pthread_create'
collect2: error: ld returned 1 exit status
CMakeFiles/cmTC_5d68f.dir/build.make:97: recipe for target 'cmTC_5d68f' failed
make[1]: *** [cmTC_5d68f] Error 1
make[1]: Leaving directory '/home/ayushgarg/catkin_ws/build_isolated/learning_tf2/CMakeFiles/CMakeTmp'
Makefile:126: recipe for target 'cmTC_5d68f/fast' failed
make: *** [cmTC_5d68f/fast] Error 2

File /home/ayushgarg/catkin_ws/build_isolated/learning_tf2/CMakeFiles/CMakeTmp/CheckSymbolExists.c:
/* */
#include <pthread.h>

int main(int argc, char** argv)
{
  (void)argv;
#ifndef pthread_create
  return ((int*)(&pthread_create))[argc];
#else
  (void)argc;
  return 0;
#endif
}

Determining if the function pthread_create exists in the pthreads failed with the following output:
Change Dir: /home/ayushgarg/catkin_ws/build_isolated/learning_tf2/CMakeFiles/CMakeTmp

Run Build Command:"/usr/bin/make" "cmTC_61eb2/fast"
/usr/bin/make -f CMakeFiles/cmTC_61eb2.dir/build.make CMakeFiles/cmTC_61eb2.dir/build
make[1]: Entering directory '/home/ayushgarg/catkin_ws/build_isolated/learning_tf2/CMakeFiles/CMakeTmp'
Building C object CMakeFiles/cmTC_61eb2.dir/CheckFunctionExists.c.o
/usr/bin/cc    -DCHECK_FUNCTION_EXISTS=pthread_create   -o CMakeFiles/cmTC_61eb2.dir/CheckFunctionExists.c.o   -c /usr/share/cmake-3.5/Modules/CheckFunctionExists.c
Linking C executable cmTC_61eb2
/usr/bin/cmake -E cmake_link_script CMakeFiles/cmTC_61eb2.dir/link.txt --verbose=1
/usr/bin/cc   -DCHECK_FUNCTION_EXISTS=pthread_create    CMakeFiles/cmTC_61eb2.dir/CheckFunctionExists.c.o  -o cmTC_61eb2 -rdynamic -lpthreads 
/usr/bin/ld: cannot find -lpthreads
collect2: error: ld returned 1 exit status
CMakeFiles/cmTC_61eb2.dir/build.make:97: recipe for target 'cmTC_61eb2' failed
make[1]: *** [cmTC_61eb2] Error 1
make[1]: Leaving directory '/home/ayushgarg/catkin_ws/build_isolated/learning_tf2/CMakeFiles/CMakeTmp'
Makefile:126: recipe for target 'cmTC_61eb2/fast' failed
make: *** [cmTC_61eb2/fast] Error 2


